<?xml version="1.0" encoding="UTF-8"?>
<!-- Generated by org.testng.reporters.JUnitReportReporter -->
<testsuite hostname="Amans-MacBook-Pro.local" failures="0" tests="1" name="testCases.TC001_AccountRegistrationTest" time="3.642" errors="0" timestamp="2025-06-25T08:20:07 EDT" skipped="0">
  <testcase classname="testCases.TC001_AccountRegistrationTest" name="verify_account_registration" time="3.642"/>
</testsuite> <!-- testCases.TC001_AccountRegistrationTest -->
