<?xml version="1.0" encoding="UTF-8"?>
<!-- Generated by org.testng.reporters.JUnitReportReporter -->
<testsuite hostname="Amans-MacBook-Pro.local" failures="0" tests="1" name="testCases.TC002_AccountLoginTest" time="4.916" errors="0" timestamp="2025-06-25T08:20:07 EDT" skipped="0">
  <testcase classname="testCases.TC002_AccountLoginTest" name="verify_account_login" time="4.916"/>
</testsuite> <!-- testCases.TC002_AccountLoginTest -->
